<?xml version="1.0" encoding="UTF-8"?>
<!-- Generated by org.testng.reporters.JUnitXMLReporter -->
<testsuite hostname="Administrator" ignored="0" name="LoginTest" tests="4" failures="2" timestamp="2020-02-11T13:52:37 GMT+07:00" time="166.866" errors="0">
  <testcase name="TCLogin01" time="14.837" classname="com.abc.testCases.TC_Login_01"/>
  <testcase name="TCLogin02" time="0.01" classname="com.abc.testCases.TC_Login_02"/>
  <testcase name="TCLogin03" time="0.005" classname="com.abc.testCases.TC_Login_03">
    <failure type="java.lang.AssertionError" message="did not expect to find [true] but found [false]">
      <![CDATA[java.lang.AssertionError: did not expect to find [true] but found [false]
at com.abc.testCases.TC_Login_03.TCLogin03(TC_Login_03.java:10)
at java.util.ArrayList.forEach(ArrayList.java:1257)
... Removed 31 stack frames]]>
    </failure>
  </testcase> <!-- TCLogin03 -->
  <testcase name="TCLogin04" time="0.005" classname="com.abc.testCases.TC_Login_04">
    <failure type="java.lang.AssertionError" message="did not expect to find [true] but found [false]">
      <![CDATA[java.lang.AssertionError: did not expect to find [true] but found [false]
at com.abc.testCases.TC_Login_04.TCLogin04(TC_Login_04.java:11)
at java.util.ArrayList.forEach(ArrayList.java:1257)
... Removed 31 stack frames]]>
    </failure>
  </testcase> <!-- TCLogin04 -->
</testsuite> <!-- LoginTest -->
