<?xml version="1.0" encoding="UTF-8"?>
<testng-results skipped="0" failed="2" ignored="0" total="4" passed="2">
  <reporter-output>
  </reporter-output>
  <suite name="Testsuit01" duration-ms="166866" started-at="2020-02-11T13:49:50 GMT+07:00" finished-at="2020-02-11T13:52:37 GMT+07:00">
    <groups>
    </groups>
    <test name="LoginTest" duration-ms="166866" started-at="2020-02-11T13:49:50 GMT+07:00" finished-at="2020-02-11T13:52:37 GMT+07:00">
      <class name="com.abc.testCases.TC_Login_01">
        <test-method status="PASS" signature="setup(java.lang.String)[pri:0, instance:com.abc.testCases.TC_Login_01@b6cbcc]" name="setup" is-config="true" duration-ms="50100" started-at="2020-02-11T13:49:50 GMT+07:00" finished-at="2020-02-11T13:50:40 GMT+07:00">
          <params>
            <param index="0">
              <value>
                <![CDATA[chrome]]>
              </value>
            </param>
          </params>
          <reporter-output>
          </reporter-output>
        </test-method> <!-- setup -->
        <test-method status="PASS" signature="TCLogin01()[pri:0, instance:com.abc.testCases.TC_Login_01@b6cbcc]" name="TCLogin01" duration-ms="14837" started-at="2020-02-11T13:50:40 GMT+07:00" finished-at="2020-02-11T13:50:55 GMT+07:00">
          <reporter-output>
          </reporter-output>
        </test-method> <!-- TCLogin01 -->
        <test-method status="PASS" signature="tearDown()[pri:0, instance:com.abc.testCases.TC_Login_01@b6cbcc]" name="tearDown" is-config="true" duration-ms="688" started-at="2020-02-11T13:50:55 GMT+07:00" finished-at="2020-02-11T13:50:56 GMT+07:00">
          <reporter-output>
          </reporter-output>
        </test-method> <!-- tearDown -->
      </class> <!-- com.abc.testCases.TC_Login_01 -->
      <class name="com.abc.testCases.TC_Login_02">
        <test-method status="PASS" signature="setup(java.lang.String)[pri:0, instance:com.abc.testCases.TC_Login_02@a7e666]" name="setup" is-config="true" duration-ms="15702" started-at="2020-02-11T13:50:56 GMT+07:00" finished-at="2020-02-11T13:51:11 GMT+07:00">
          <params>
            <param index="0">
              <value>
                <![CDATA[chrome]]>
              </value>
            </param>
          </params>
          <reporter-output>
          </reporter-output>
        </test-method> <!-- setup -->
        <test-method status="PASS" signature="TCLogin02()[pri:0, instance:com.abc.testCases.TC_Login_02@a7e666]" name="TCLogin02" duration-ms="10" started-at="2020-02-11T13:51:11 GMT+07:00" finished-at="2020-02-11T13:51:12 GMT+07:00">
          <reporter-output>
          </reporter-output>
        </test-method> <!-- TCLogin02 -->
        <test-method status="PASS" signature="tearDown()[pri:0, instance:com.abc.testCases.TC_Login_02@a7e666]" name="tearDown" is-config="true" duration-ms="1140" started-at="2020-02-11T13:51:12 GMT+07:00" finished-at="2020-02-11T13:51:13 GMT+07:00">
          <reporter-output>
          </reporter-output>
        </test-method> <!-- tearDown -->
      </class> <!-- com.abc.testCases.TC_Login_02 -->
      <class name="com.abc.testCases.TC_Login_03">
        <test-method status="PASS" signature="setup(java.lang.String)[pri:0, instance:com.abc.testCases.TC_Login_03@bbe345]" name="setup" is-config="true" duration-ms="41412" started-at="2020-02-11T13:51:13 GMT+07:00" finished-at="2020-02-11T13:51:54 GMT+07:00">
          <params>
            <param index="0">
              <value>
                <![CDATA[chrome]]>
              </value>
            </param>
          </params>
          <reporter-output>
          </reporter-output>
        </test-method> <!-- setup -->
        <test-method status="FAIL" signature="TCLogin03()[pri:0, instance:com.abc.testCases.TC_Login_03@bbe345]" name="TCLogin03" duration-ms="5" started-at="2020-02-11T13:51:54 GMT+07:00" finished-at="2020-02-11T13:51:54 GMT+07:00">
          <exception class="java.lang.AssertionError">
            <message>
              <![CDATA[did not expect to find [true] but found [false]]]>
            </message>
            <full-stacktrace>
              <![CDATA[java.lang.AssertionError: did not expect to find [true] but found [false]
at org.testng.Assert.fail(Assert.java:97)
at org.testng.Assert.failNotEquals(Assert.java:969)
at org.testng.Assert.assertTrue(Assert.java:43)
at org.testng.Assert.assertTrue(Assert.java:53)
at com.abc.testCases.TC_Login_03.TCLogin03(TC_Login_03.java:10)
at sun.reflect.NativeMethodAccessorImpl.invoke0(Native Method)
at sun.reflect.NativeMethodAccessorImpl.invoke(NativeMethodAccessorImpl.java:62)
at sun.reflect.DelegatingMethodAccessorImpl.invoke(DelegatingMethodAccessorImpl.java:43)
at java.lang.reflect.Method.invoke(Method.java:498)
at org.testng.internal.MethodInvocationHelper.invokeMethod(MethodInvocationHelper.java:133)
at org.testng.internal.TestInvoker.invokeMethod(TestInvoker.java:584)
at org.testng.internal.TestInvoker.invokeTestMethod(TestInvoker.java:172)
at org.testng.internal.MethodRunner.runInSequence(MethodRunner.java:46)
at org.testng.internal.TestInvoker$MethodInvocationAgent.invoke(TestInvoker.java:804)
at org.testng.internal.TestInvoker.invokeTestMethods(TestInvoker.java:145)
at org.testng.internal.TestMethodWorker.invokeTestMethods(TestMethodWorker.java:146)
at org.testng.internal.TestMethodWorker.run(TestMethodWorker.java:128)
at java.util.ArrayList.forEach(ArrayList.java:1257)
at org.testng.TestRunner.privateRun(TestRunner.java:770)
at org.testng.TestRunner.run(TestRunner.java:591)
at org.testng.SuiteRunner.runTest(SuiteRunner.java:402)
at org.testng.SuiteRunner.runSequentially(SuiteRunner.java:396)
at org.testng.SuiteRunner.privateRun(SuiteRunner.java:355)
at org.testng.SuiteRunner.run(SuiteRunner.java:304)
at org.testng.SuiteRunnerWorker.runSuite(SuiteRunnerWorker.java:53)
at org.testng.SuiteRunnerWorker.run(SuiteRunnerWorker.java:96)
at org.testng.TestNG.runSuitesSequentially(TestNG.java:1180)
at org.testng.TestNG.runSuitesLocally(TestNG.java:1102)
at org.testng.TestNG.runSuites(TestNG.java:1032)
at org.testng.TestNG.run(TestNG.java:1000)
at org.testng.remote.AbstractRemoteTestNG.run(AbstractRemoteTestNG.java:115)
at org.testng.remote.RemoteTestNG.initAndRun(RemoteTestNG.java:251)
at org.testng.remote.RemoteTestNG.main(RemoteTestNG.java:77)
]]>
            </full-stacktrace>
          </exception> <!-- java.lang.AssertionError -->
          <reporter-output>
          </reporter-output>
        </test-method> <!-- TCLogin03 -->
        <test-method status="PASS" signature="tearDown()[pri:0, instance:com.abc.testCases.TC_Login_03@bbe345]" name="tearDown" is-config="true" duration-ms="719" started-at="2020-02-11T13:51:55 GMT+07:00" finished-at="2020-02-11T13:51:55 GMT+07:00">
          <reporter-output>
          </reporter-output>
        </test-method> <!-- tearDown -->
      </class> <!-- com.abc.testCases.TC_Login_03 -->
      <class name="com.abc.testCases.TC_Login_04">
        <test-method status="PASS" signature="setup(java.lang.String)[pri:0, instance:com.abc.testCases.TC_Login_04@b8a058]" name="setup" is-config="true" duration-ms="39754" started-at="2020-02-11T13:51:55 GMT+07:00" finished-at="2020-02-11T13:52:35 GMT+07:00">
          <params>
            <param index="0">
              <value>
                <![CDATA[chrome]]>
              </value>
            </param>
          </params>
          <reporter-output>
          </reporter-output>
        </test-method> <!-- setup -->
        <test-method status="FAIL" signature="TCLogin04()[pri:0, instance:com.abc.testCases.TC_Login_04@b8a058]" name="TCLogin04" duration-ms="5" started-at="2020-02-11T13:52:35 GMT+07:00" finished-at="2020-02-11T13:52:35 GMT+07:00">
          <exception class="java.lang.AssertionError">
            <message>
              <![CDATA[did not expect to find [true] but found [false]]]>
            </message>
            <full-stacktrace>
              <![CDATA[java.lang.AssertionError: did not expect to find [true] but found [false]
at org.testng.Assert.fail(Assert.java:97)
at org.testng.Assert.failNotEquals(Assert.java:969)
at org.testng.Assert.assertTrue(Assert.java:43)
at org.testng.Assert.assertTrue(Assert.java:53)
at com.abc.testCases.TC_Login_04.TCLogin04(TC_Login_04.java:11)
at sun.reflect.NativeMethodAccessorImpl.invoke0(Native Method)
at sun.reflect.NativeMethodAccessorImpl.invoke(NativeMethodAccessorImpl.java:62)
at sun.reflect.DelegatingMethodAccessorImpl.invoke(DelegatingMethodAccessorImpl.java:43)
at java.lang.reflect.Method.invoke(Method.java:498)
at org.testng.internal.MethodInvocationHelper.invokeMethod(MethodInvocationHelper.java:133)
at org.testng.internal.TestInvoker.invokeMethod(TestInvoker.java:584)
at org.testng.internal.TestInvoker.invokeTestMethod(TestInvoker.java:172)
at org.testng.internal.MethodRunner.runInSequence(MethodRunner.java:46)
at org.testng.internal.TestInvoker$MethodInvocationAgent.invoke(TestInvoker.java:804)
at org.testng.internal.TestInvoker.invokeTestMethods(TestInvoker.java:145)
at org.testng.internal.TestMethodWorker.invokeTestMethods(TestMethodWorker.java:146)
at org.testng.internal.TestMethodWorker.run(TestMethodWorker.java:128)
at java.util.ArrayList.forEach(ArrayList.java:1257)
at org.testng.TestRunner.privateRun(TestRunner.java:770)
at org.testng.TestRunner.run(TestRunner.java:591)
at org.testng.SuiteRunner.runTest(SuiteRunner.java:402)
at org.testng.SuiteRunner.runSequentially(SuiteRunner.java:396)
at org.testng.SuiteRunner.privateRun(SuiteRunner.java:355)
at org.testng.SuiteRunner.run(SuiteRunner.java:304)
at org.testng.SuiteRunnerWorker.runSuite(SuiteRunnerWorker.java:53)
at org.testng.SuiteRunnerWorker.run(SuiteRunnerWorker.java:96)
at org.testng.TestNG.runSuitesSequentially(TestNG.java:1180)
at org.testng.TestNG.runSuitesLocally(TestNG.java:1102)
at org.testng.TestNG.runSuites(TestNG.java:1032)
at org.testng.TestNG.run(TestNG.java:1000)
at org.testng.remote.AbstractRemoteTestNG.run(AbstractRemoteTestNG.java:115)
at org.testng.remote.RemoteTestNG.initAndRun(RemoteTestNG.java:251)
at org.testng.remote.RemoteTestNG.main(RemoteTestNG.java:77)
]]>
            </full-stacktrace>
          </exception> <!-- java.lang.AssertionError -->
          <reporter-output>
          </reporter-output>
        </test-method> <!-- TCLogin04 -->
        <test-method status="PASS" signature="tearDown()[pri:0, instance:com.abc.testCases.TC_Login_04@b8a058]" name="tearDown" is-config="true" duration-ms="722" started-at="2020-02-11T13:52:36 GMT+07:00" finished-at="2020-02-11T13:52:37 GMT+07:00">
          <reporter-output>
          </reporter-output>
        </test-method> <!-- tearDown -->
      </class> <!-- com.abc.testCases.TC_Login_04 -->
    </test> <!-- LoginTest -->
  </suite> <!-- Testsuit01 -->
</testng-results>
