2020-02-10 19:36:47 INFO  TC_Login_01:19 - [com.abc.testCases.TC_Login_01] is Starting...
2020-02-10 19:37:08 INFO  TC_Login_01:27 - Method [login] is starting...
2020-02-10 19:37:11 INFO  TC_Login_01:27 - Entered username and password!
2020-02-10 19:37:11 INFO  TC_Login_01:27 - Done
2020-02-10 19:37:11 INFO  TC_Login_01:23 - [com.abc.testCases.TC_Login_01] is Ending...
2020-02-10 20:04:19 INFO  TC_Login_01:19 - [com.abc.testCases.TC_Login_01] is Starting...
2020-02-10 20:04:39 INFO  TC_Login_01:27 - Method [login] is starting...
2020-02-10 20:04:48 INFO  TC_Login_01:27 - Entered username and password!
2020-02-10 20:04:48 INFO  TC_Login_01:27 - Done
2020-02-10 20:04:48 INFO  TC_Login_01:23 - [com.abc.testCases.TC_Login_01] is Ending...
2020-02-10 20:13:50 INFO  TC_Login_01:19 - [com.abc.testCases.TC_Login_01] is Starting...
2020-02-10 20:14:25 INFO  TC_Login_01:27 - Method [login] is starting...
2020-02-10 20:14:43 INFO  TC_Login_01:27 - Entered username and password!
2020-02-10 20:14:43 INFO  TC_Login_01:27 - Done
2020-02-10 20:14:43 INFO  TC_Login_01:23 - [com.abc.testCases.TC_Login_01] is Ending...
2020-02-10 20:18:18 INFO  TC_Login_01:19 - [com.abc.testCases.TC_Login_01] is Starting...
2020-02-10 20:18:48 INFO  TC_Login_01:27 - Method [login] is starting...
2020-02-10 20:18:56 INFO  TC_Login_01:27 - Entered username and password!
2020-02-10 20:18:56 INFO  TC_Login_01:27 - Done
2020-02-10 20:18:56 INFO  TC_Login_01:23 - [com.abc.testCases.TC_Login_01] is Ending...
2020-02-10 20:19:20 INFO  TC_Login_01:19 - [com.abc.testCases.TC_Login_01] is Starting...
2020-02-10 21:07:55 INFO  TC_Login_01:19 - [com.abc.testCases.TC_Login_01] is Starting...
2020-02-10 21:18:19 INFO  TC_Login_01:19 - [com.abc.testCases.TC_Login_01] is Starting...
2020-02-10 21:55:20 INFO  TC_Login_01:19 - [com.abc.testCases.TC_Login_01] is Starting...
2020-02-10 21:57:03 INFO  TC_Login_01:19 - [com.abc.testCases.TC_Login_01] is Starting...
2020-02-10 22:00:26 INFO  TC_Login_01:27 - Method [login] is starting...
2020-02-10 22:02:32 INFO  TC_Login_01:27 - Entered username and password!
2020-02-10 22:02:32 INFO  TC_Login_01:27 - Done
2020-02-10 22:02:32 INFO  TC_Login_01:23 - [com.abc.testCases.TC_Login_01] is Ending...
2020-02-10 22:04:08 INFO  TC_Login_01:19 - [com.abc.testCases.TC_Login_01] is Starting...
2020-02-10 22:06:50 INFO  TC_Login_01:19 - [com.abc.testCases.TC_Login_01] is Starting...
2020-02-10 22:07:07 INFO  TC_Login_01:27 - Method [login] is starting...
2020-02-10 22:07:13 INFO  TC_Login_01:27 - Entered username and password!
2020-02-10 22:07:13 INFO  TC_Login_01:27 - Done
2020-02-10 22:07:13 INFO  TC_Login_01:23 - [com.abc.testCases.TC_Login_01] is Ending...
2020-02-10 22:07:45 INFO  TC_Login_01:19 - [com.abc.testCases.TC_Login_01] is Starting...
2020-02-10 22:08:31 INFO  TC_Login_01:27 - Method [login] is starting...
2020-02-10 22:08:35 INFO  TC_Login_01:27 - Entered username and password!
2020-02-10 22:08:35 INFO  TC_Login_01:27 - Done
2020-02-10 22:08:35 INFO  TC_Login_01:23 - [com.abc.testCases.TC_Login_01] is Ending...
2020-02-11 09:15:45 INFO  TC_Login_01:19 - [com.abc.testCases.TC_Login_01] is Starting...
2020-02-11 09:16:48 INFO  TC_Login_01:19 - [com.abc.testCases.TC_Login_01] is Starting...
2020-02-11 09:17:48 INFO  TC_Login_01:19 - [com.abc.testCases.TC_Login_01] is Starting...
2020-02-11 09:18:09 INFO  TC_Login_01:27 - Method [login] is starting...
2020-02-11 09:18:18 INFO  TC_Login_01:27 - Entered username and password!
2020-02-11 09:18:18 INFO  TC_Login_01:27 - Done
2020-02-11 09:18:18 INFO  TC_Login_01:23 - [com.abc.testCases.TC_Login_01] is Ending...
2020-02-11 09:18:50 INFO  TC_Login_01:19 - [com.abc.testCases.TC_Login_01] is Starting...
2020-02-11 09:22:26 INFO  TC_Login_01:19 - [com.abc.testCases.TC_Login_01] is Starting...
2020-02-11 09:25:21 INFO  TC_Login_01:19 - [com.abc.testCases.TC_Login_01] is Starting...
2020-02-11 09:26:13 INFO  TC_Login_01:19 - [com.abc.testCases.TC_Login_01] is Starting...
2020-02-11 09:26:25 INFO  TC_Login_01:27 - Method [login] is starting...
2020-02-11 09:26:28 INFO  TC_Login_01:27 - Entered username and password!
2020-02-11 09:26:28 INFO  TC_Login_01:27 - Done
2020-02-11 09:26:28 INFO  TC_Login_01:23 - [com.abc.testCases.TC_Login_01] is Ending...
2020-02-11 09:26:43 INFO  TC_Login_01:19 - [com.abc.testCases.TC_Login_01] is Starting...
2020-02-11 09:27:22 INFO  TC_Login_01:19 - [com.abc.testCases.TC_Login_01] is Starting...
2020-02-11 09:34:05 INFO  TC_Login_01:19 - [com.abc.testCases.TC_Login_01] is Starting...
2020-02-11 09:34:26 INFO  TC_Login_01:27 - Method [login] is starting...
2020-02-11 09:34:36 INFO  TC_Login_01:27 - Entered username and password!
2020-02-11 09:34:36 INFO  TC_Login_01:27 - Done
2020-02-11 09:34:36 INFO  TC_Login_01:23 - [com.abc.testCases.TC_Login_01] is Ending...
2020-02-11 09:34:53 INFO  TC_Login_01:19 - [com.abc.testCases.TC_Login_01] is Starting...
2020-02-11 09:35:43 INFO  TC_Login_01:19 - [com.abc.testCases.TC_Login_01] is Starting...
2020-02-11 09:36:03 INFO  TC_Login_01:27 - Method [login] is starting...
2020-02-11 09:36:12 INFO  TC_Login_01:27 - Entered username and password!
2020-02-11 09:36:12 INFO  TC_Login_01:27 - Done
2020-02-11 09:36:12 INFO  TC_Login_01:23 - [com.abc.testCases.TC_Login_01] is Ending...
2020-02-11 09:36:55 INFO  TC_Login_01:19 - [com.abc.testCases.TC_Login_01] is Starting...
2020-02-11 09:53:07 INFO  TC_Login_01:19 - [com.abc.testCases.TC_Login_01] is Starting...
2020-02-11 09:53:31 INFO  TC_Login_01:27 - Method [login] is starting...
2020-02-11 09:53:41 INFO  TC_Login_01:27 - Entered username and password!
2020-02-11 09:53:41 INFO  TC_Login_01:27 - Done
2020-02-11 09:53:41 INFO  TC_Login_01:23 - [com.abc.testCases.TC_Login_01] is Ending...
2020-02-11 09:54:32 INFO  TC_Login_01:19 - [com.abc.testCases.TC_Login_01] is Starting...
2020-02-11 10:49:50 INFO  TC_Login_01:19 - [com.abc.testCases.TC_Login_01] is Starting...
2020-02-11 10:50:11 INFO  TC_Login_02:19 - [com.abc.testCases.TC_Login_02] is Starting...
2020-02-11 10:50:35 INFO  TC_Login_03:19 - [com.abc.testCases.TC_Login_03] is Starting...
2020-02-11 10:50:58 INFO  TC_Login_04:19 - [com.abc.testCases.TC_Login_04] is Starting...
2020-02-11 10:58:17 INFO  TC_Login_01:19 - [com.abc.testCases.TC_Login_01] is Starting...
2020-02-11 10:58:42 INFO  TC_Login_02:19 - [com.abc.testCases.TC_Login_02] is Starting...
2020-02-11 10:59:06 INFO  TC_Login_03:19 - [com.abc.testCases.TC_Login_03] is Starting...
2020-02-11 10:59:25 INFO  TC_Login_04:19 - [com.abc.testCases.TC_Login_04] is Starting...
2020-02-11 10:18:33 INFO  TC_Login_01:19 - [com.abc.testCases.TC_Login_01] is Starting...
2020-02-11 11:13:12 INFO  TC_Login_01:27 - Method [login] is starting...
2020-02-11 11:14:56 INFO  TC_Login_01:27 - Entered username and password!
2020-02-11 11:14:56 INFO  TC_Login_01:27 - Done
2020-02-11 11:14:56 INFO  TC_Login_01:23 - [com.abc.testCases.TC_Login_01] is Ending...
2020-02-11 11:14:59 INFO  TC_Login_02:19 - [com.abc.testCases.TC_Login_02] is Starting...
2020-02-11 11:17:32 INFO  TC_Login_02:23 - [com.abc.testCases.TC_Login_02] is Ending...
2020-02-11 11:17:33 INFO  TC_Login_03:19 - [com.abc.testCases.TC_Login_03] is Starting...
2020-02-11 11:19:30 INFO  TC_Login_03:23 - [com.abc.testCases.TC_Login_03] is Ending...
2020-02-11 11:19:31 INFO  TC_Login_04:19 - [com.abc.testCases.TC_Login_04] is Starting...
2020-02-11 11:20:09 INFO  TC_Login_04:23 - [com.abc.testCases.TC_Login_04] is Ending...
2020-02-11 11:24:35 INFO  TC_Login_01:19 - [com.abc.testCases.TC_Login_01] is Starting...
2020-02-11 11:24:51 INFO  TC_Login_01:27 - Method [login] is starting...
2020-02-11 11:25:05 INFO  TC_Login_01:27 - Entered username and password!
2020-02-11 11:25:05 INFO  TC_Login_01:27 - Done
2020-02-11 11:25:05 INFO  TC_Login_01:23 - [com.abc.testCases.TC_Login_01] is Ending...
2020-02-11 11:25:06 INFO  TC_Login_02:19 - [com.abc.testCases.TC_Login_02] is Starting...
2020-02-11 11:25:24 INFO  TC_Login_02:23 - [com.abc.testCases.TC_Login_02] is Ending...
2020-02-11 11:25:24 INFO  TC_Login_03:19 - [com.abc.testCases.TC_Login_03] is Starting...
2020-02-11 11:30:05 INFO  TC_Login_03:23 - [com.abc.testCases.TC_Login_03] is Ending...
2020-02-11 11:30:06 INFO  TC_Login_04:19 - [com.abc.testCases.TC_Login_04] is Starting...
2020-02-11 11:30:30 INFO  TC_Login_04:23 - [com.abc.testCases.TC_Login_04] is Ending...
2020-02-11 11:39:41 INFO  TC_Login_01:19 - [com.abc.testCases.TC_Login_01] is Starting...
2020-02-11 11:40:27 INFO  TC_Login_01:27 - Method [login] is starting...
2020-02-11 11:40:46 INFO  TC_Login_01:27 - Entered username and password!
2020-02-11 11:40:46 INFO  TC_Login_01:27 - Done
2020-02-11 11:40:46 INFO  TC_Login_01:23 - [com.abc.testCases.TC_Login_01] is Ending...
2020-02-11 11:40:47 INFO  TC_Login_02:19 - [com.abc.testCases.TC_Login_02] is Starting...
2020-02-11 11:41:03 INFO  TC_Login_02:23 - [com.abc.testCases.TC_Login_02] is Ending...
2020-02-11 11:41:04 INFO  TC_Login_03:19 - [com.abc.testCases.TC_Login_03] is Starting...
2020-02-11 11:41:20 INFO  TC_Login_03:23 - [com.abc.testCases.TC_Login_03] is Ending...
2020-02-11 11:41:20 INFO  TC_Login_04:19 - [com.abc.testCases.TC_Login_04] is Starting...
2020-02-11 11:41:39 INFO  TC_Login_04:23 - [com.abc.testCases.TC_Login_04] is Ending...
2020-02-11 11:48:53 INFO  TC_Login_01:19 - [com.abc.testCases.TC_Login_01] is Starting...
2020-02-11 11:48:53 INFO  TC_Login_01:27 - Testing environment: Browser=chrome and url=https://demo.guru99.com/v4/
2020-02-11 11:49:06 INFO  TC_Login_01:27 - Method [login] is starting...
2020-02-11 11:49:23 INFO  TC_Login_01:27 - Entered username and password!
2020-02-11 11:49:23 INFO  TC_Login_01:27 - Done
2020-02-11 11:49:23 INFO  TC_Login_01:23 - [com.abc.testCases.TC_Login_01] is Ending...
2020-02-11 11:49:24 INFO  TC_Login_02:19 - [com.abc.testCases.TC_Login_02] is Starting...
2020-02-11 11:49:24 INFO  TC_Login_02:27 - Testing environment: Browser=chrome and url=https://demo.guru99.com/v4/
2020-02-11 11:49:35 INFO  TC_Login_02:23 - [com.abc.testCases.TC_Login_02] is Ending...
2020-02-11 11:49:36 INFO  TC_Login_03:19 - [com.abc.testCases.TC_Login_03] is Starting...
2020-02-11 11:49:36 INFO  TC_Login_03:27 - Testing environment: Browser=chrome and url=https://demo.guru99.com/v4/
2020-02-11 11:49:47 INFO  TC_Login_03:27 - Screenshot taken: F:\SOFTWARE\STUDYS\Eclipse_Workspace\demoframework\Screenshots\TCLogin03_202002.11114947.png
2020-02-11 11:49:47 INFO  TC_Login_03:23 - [com.abc.testCases.TC_Login_03] is Ending...
2020-02-11 11:49:48 INFO  TC_Login_04:19 - [com.abc.testCases.TC_Login_04] is Starting...
2020-02-11 11:49:48 INFO  TC_Login_04:27 - Testing environment: Browser=chrome and url=https://demo.guru99.com/v4/
2020-02-11 11:50:18 INFO  TC_Login_04:27 - Screenshot taken: F:\SOFTWARE\STUDYS\Eclipse_Workspace\demoframework\Screenshots\TCLogin04_202002.11115017.png
2020-02-11 11:50:18 INFO  TC_Login_04:23 - [com.abc.testCases.TC_Login_04] is Ending...
2020-02-11 12:01:38 INFO  LoginTest:19 - [LoginTest] is Starting...
2020-02-11 12:01:38 INFO  LoginTest:27 - Testing environment: Browser=chrome and url=https://demo.guru99.com/v4/
2020-02-11 12:02:02 INFO  LoginTest:27 - Method [login] is starting...
2020-02-11 12:07:03 INFO  LoginTest:27 - Screenshot taken: F:\SOFTWARE\STUDYS\Eclipse_Workspace\demoframework\Screenshots\TCLogin01_20200211.120703.png
2020-02-11 12:07:05 INFO  LoginTest:27 - Testing environment: Browser=chrome and url=https://demo.guru99.com/v4/
2020-02-11 12:07:28 INFO  LoginTest:27 - Testing environment: Browser=chrome and url=https://demo.guru99.com/v4/
2020-02-11 12:08:07 INFO  LoginTest:27 - Screenshot taken: F:\SOFTWARE\STUDYS\Eclipse_Workspace\demoframework\Screenshots\TCLogin03_20200211.120806.png
2020-02-11 12:08:07 INFO  LoginTest:27 - Testing environment: Browser=chrome and url=https://demo.guru99.com/v4/
2020-02-11 12:08:40 INFO  LoginTest:27 - Screenshot taken: F:\SOFTWARE\STUDYS\Eclipse_Workspace\demoframework\Screenshots\TCLogin04_20200211.120839.png
2020-02-11 12:08:40 INFO  LoginTest:23 - [LoginTest] is Ending...
2020-02-11 12:31:09 INFO  TC_Login_01:19 - [com.abc.testCases.TC_Login_01] is Starting...
2020-02-11 12:31:09 INFO  TC_Login_01:27 - Testing environment: Browser=chrome and url=https://demo.guru99.com/v4/
2020-02-11 12:31:30 INFO  TC_Login_01:27 - Method [login] is starting...
2020-02-11 12:32:33 INFO  TC_Login_01:27 - Entered username and password!
2020-02-11 12:32:33 INFO  TC_Login_01:27 - Done
2020-02-11 12:32:33 INFO  TC_Login_01:23 - [com.abc.testCases.TC_Login_01] is Ending...
2020-02-11 12:32:33 INFO  TC_Login_02:19 - [com.abc.testCases.TC_Login_02] is Starting...
2020-02-11 12:32:33 INFO  TC_Login_02:27 - Testing environment: Browser=chrome and url=https://demo.guru99.com/v4/
2020-02-11 12:32:53 INFO  TC_Login_02:23 - [com.abc.testCases.TC_Login_02] is Ending...
2020-02-11 12:32:53 INFO  TC_Login_03:19 - [com.abc.testCases.TC_Login_03] is Starting...
2020-02-11 12:32:53 INFO  TC_Login_03:27 - Testing environment: Browser=chrome and url=https://demo.guru99.com/v4/
2020-02-11 12:33:13 INFO  TC_Login_03:27 - Screenshot taken: F:\SOFTWARE\STUDYS\Eclipse_Workspace\demoframework\Screenshots\TCLogin03_20200211.123313.png
2020-02-11 12:33:13 INFO  TC_Login_03:23 - [com.abc.testCases.TC_Login_03] is Ending...
2020-02-11 12:33:14 INFO  TC_Login_04:19 - [com.abc.testCases.TC_Login_04] is Starting...
2020-02-11 12:33:14 INFO  TC_Login_04:27 - Testing environment: Browser=chrome and url=https://demo.guru99.com/v4/
2020-02-11 12:33:35 INFO  TC_Login_04:27 - Screenshot taken: F:\SOFTWARE\STUDYS\Eclipse_Workspace\demoframework\Screenshots\TCLogin04_20200211.123335.png
2020-02-11 12:33:35 INFO  TC_Login_04:23 - [com.abc.testCases.TC_Login_04] is Ending...
2020-02-11 13:31:05 INFO  TC_Login_01:19 - [com.abc.testCases.TC_Login_01] is Starting...
2020-02-11 13:31:05 INFO  TC_Login_01:27 - Testing environment: Browser=chrome and url=https://demo.guru99.com/v4/
2020-02-11 13:31:38 INFO  TC_Login_01:27 - Method [login] is starting...
2020-02-11 13:32:45 INFO  TC_Login_01:27 - Entered username and password!
2020-02-11 13:32:45 INFO  TC_Login_01:27 - Done
2020-02-11 13:32:45 INFO  TC_Login_01:27 - TCLogin01:PASSED
2020-02-11 13:32:45 INFO  TC_Login_01:23 - [com.abc.testCases.TC_Login_01] is Ending...
2020-02-11 13:32:46 INFO  TC_Login_02:19 - [com.abc.testCases.TC_Login_02] is Starting...
2020-02-11 13:32:46 INFO  TC_Login_02:27 - Testing environment: Browser=chrome and url=https://demo.guru99.com/v4/
2020-02-11 13:33:25 INFO  TC_Login_02:27 - TCLogin02:PASSED
2020-02-11 13:33:25 INFO  TC_Login_02:23 - [com.abc.testCases.TC_Login_02] is Ending...
2020-02-11 13:33:26 INFO  TC_Login_03:19 - [com.abc.testCases.TC_Login_03] is Starting...
2020-02-11 13:33:26 INFO  TC_Login_03:27 - Testing environment: Browser=chrome and url=https://demo.guru99.com/v4/
2020-02-11 13:34:46 ERROR TC_Login_03:35 - TCLogin03:FAILED:java.lang.AssertionError: did not expect to find [true] but found [false]
2020-02-11 13:34:47 INFO  TC_Login_03:27 - Screenshot taken: F:\SOFTWARE\STUDYS\Eclipse_Workspace\demoframework\Screenshots\TCLogin03_20200211.013446.png
2020-02-11 13:34:47 INFO  TC_Login_03:23 - [com.abc.testCases.TC_Login_03] is Ending...
2020-02-11 13:34:48 INFO  TC_Login_04:19 - [com.abc.testCases.TC_Login_04] is Starting...
2020-02-11 13:34:48 INFO  TC_Login_04:27 - Testing environment: Browser=chrome and url=https://demo.guru99.com/v4/
2020-02-11 13:34:59 ERROR TC_Login_04:35 - TCLogin04:FAILED:junit.framework.AssertionFailedError
2020-02-11 13:35:00 INFO  TC_Login_04:27 - Screenshot taken: F:\SOFTWARE\STUDYS\Eclipse_Workspace\demoframework\Screenshots\TCLogin04_20200211.013459.png
2020-02-11 13:35:00 INFO  TC_Login_04:23 - [com.abc.testCases.TC_Login_04] is Ending...
2020-02-11 13:40:43 INFO  TC_Login_01:19 - [com.abc.testCases.TC_Login_01] is Starting...
2020-02-11 13:40:43 INFO  TC_Login_01:27 - Testing environment: Browser=chrome and url=https://demo.guru99.com/v4/
2020-02-11 13:41:24 INFO  TC_Login_01:27 - Method [login] is starting...
2020-02-11 13:42:06 INFO  TC_Login_01:27 - Entered username and password!
2020-02-11 13:42:06 INFO  TC_Login_01:27 - Done
2020-02-11 13:42:06 INFO  TC_Login_01:27 - TCLogin01:PASSED
2020-02-11 13:42:06 INFO  TC_Login_01:23 - [com.abc.testCases.TC_Login_01] is Ending...
2020-02-11 13:42:07 INFO  TC_Login_02:19 - [com.abc.testCases.TC_Login_02] is Starting...
2020-02-11 13:42:07 INFO  TC_Login_02:27 - Testing environment: Browser=chrome and url=https://demo.guru99.com/v4/
2020-02-11 13:42:37 INFO  TC_Login_02:27 - TCLogin02:PASSED
2020-02-11 13:42:37 INFO  TC_Login_02:23 - [com.abc.testCases.TC_Login_02] is Ending...
2020-02-11 13:42:38 INFO  TC_Login_03:19 - [com.abc.testCases.TC_Login_03] is Starting...
2020-02-11 13:42:38 INFO  TC_Login_03:27 - Testing environment: Browser=chrome and url=https://demo.guru99.com/v4/
2020-02-11 13:42:58 ERROR TC_Login_03:35 - TCLogin03:FAILED:java.lang.AssertionError: did not expect to find [true] but found [false]
2020-02-11 13:42:59 INFO  TC_Login_03:27 - Screenshot taken: F:\SOFTWARE\STUDYS\Eclipse_Workspace\demoframework\Screenshots\TCLogin03_20200211.014258.png
2020-02-11 13:42:59 INFO  TC_Login_03:23 - [com.abc.testCases.TC_Login_03] is Ending...
2020-02-11 13:42:59 INFO  TC_Login_04:19 - [com.abc.testCases.TC_Login_04] is Starting...
2020-02-11 13:42:59 INFO  TC_Login_04:27 - Testing environment: Browser=chrome and url=https://demo.guru99.com/v4/
2020-02-11 13:43:33 ERROR TC_Login_04:35 - TCLogin04:FAILED:java.lang.AssertionError: did not expect to find [true] but found [false]
2020-02-11 13:43:34 INFO  TC_Login_04:27 - Screenshot taken: F:\SOFTWARE\STUDYS\Eclipse_Workspace\demoframework\Screenshots\TCLogin04_20200211.014333.png
2020-02-11 13:43:34 INFO  TC_Login_04:23 - [com.abc.testCases.TC_Login_04] is Ending...
2020-02-11 13:49:50 INFO  TC_Login_01:19 - [com.abc.testCases.TC_Login_01] is Starting...
2020-02-11 13:49:50 INFO  TC_Login_01:27 - Testing environment: Browser=chrome and url=https://demo.guru99.com/v4/
2020-02-11 13:50:40 INFO  TC_Login_01:27 - Method [login] is starting...
2020-02-11 13:50:55 INFO  TC_Login_01:27 - Entered username and password!
2020-02-11 13:50:55 INFO  TC_Login_01:27 - Done
2020-02-11 13:50:55 INFO  TC_Login_01:27 - TCLogin01:PASSED
2020-02-11 13:50:55 INFO  TC_Login_01:23 - [com.abc.testCases.TC_Login_01] is Ending...
2020-02-11 13:50:56 INFO  TC_Login_02:19 - [com.abc.testCases.TC_Login_02] is Starting...
2020-02-11 13:50:56 INFO  TC_Login_02:27 - Testing environment: Browser=chrome and url=https://demo.guru99.com/v4/
2020-02-11 13:51:12 INFO  TC_Login_02:27 - TCLogin02:PASSED
2020-02-11 13:51:12 INFO  TC_Login_02:23 - [com.abc.testCases.TC_Login_02] is Ending...
2020-02-11 13:51:13 INFO  TC_Login_03:19 - [com.abc.testCases.TC_Login_03] is Starting...
2020-02-11 13:51:13 INFO  TC_Login_03:27 - Testing environment: Browser=chrome and url=https://demo.guru99.com/v4/
2020-02-11 13:51:54 ERROR TC_Login_03:35 - TCLogin03:FAILED:java.lang.AssertionError: did not expect to find [true] but found [false]
2020-02-11 13:51:55 INFO  TC_Login_03:27 - Screenshot taken: F:\SOFTWARE\STUDYS\Eclipse_Workspace\demoframework\Screenshots\TCLogin03_20200211.015154.png
2020-02-11 13:51:55 INFO  TC_Login_03:23 - [com.abc.testCases.TC_Login_03] is Ending...
2020-02-11 13:51:55 INFO  TC_Login_04:19 - [com.abc.testCases.TC_Login_04] is Starting...
2020-02-11 13:51:55 INFO  TC_Login_04:27 - Testing environment: Browser=chrome and url=https://demo.guru99.com/v4/
2020-02-11 13:52:35 ERROR TC_Login_04:35 - TCLogin04:FAILED:java.lang.AssertionError: did not expect to find [true] but found [false]
2020-02-11 13:52:36 INFO  TC_Login_04:27 - Screenshot taken: F:\SOFTWARE\STUDYS\Eclipse_Workspace\demoframework\Screenshots\TCLogin04_20200211.015235.png
2020-02-11 13:52:36 INFO  TC_Login_04:23 - [com.abc.testCases.TC_Login_04] is Ending...
2020-02-11 18:39:58 INFO  TC_Login_06:19 - [com.abc.testCases.TC_Login_06] is Starting...
2020-02-11 18:39:58 INFO  TC_Login_06:27 - Testing environment: Browser=chrome and url=https://demo.guru99.com/v4/
2020-02-11 18:40:13 INFO  TC_Login_06:27 - TCLogin02:PASSED
2020-02-11 18:40:13 INFO  TC_Login_06:23 - [com.abc.testCases.TC_Login_06] is Ending...
2020-02-11 18:40:14 INFO  TC_Login_07:19 - [com.abc.testCases.TC_Login_07] is Starting...
2020-02-11 18:40:14 INFO  TC_Login_07:27 - Testing environment: Browser=chrome and url=https://demo.guru99.com/v4/
2020-02-11 18:40:28 INFO  TC_Login_07:27 - TCLogin02:PASSED
2020-02-11 18:40:28 INFO  TC_Login_07:23 - [com.abc.testCases.TC_Login_07] is Ending...
2020-02-11 18:40:29 INFO  TC_Login_08:19 - [com.abc.testCases.TC_Login_08] is Starting...
2020-02-11 18:40:29 INFO  TC_Login_08:27 - Testing environment: Browser=chrome and url=https://demo.guru99.com/v4/
2020-02-11 18:40:41 INFO  TC_Login_08:27 - TCLogin02:PASSED
2020-02-11 18:40:41 INFO  TC_Login_08:23 - [com.abc.testCases.TC_Login_08] is Ending...
2020-02-11 18:41:08 INFO  TC_Login_06:19 - [com.abc.testCases.TC_Login_06] is Starting...
2020-02-11 18:41:08 INFO  TC_Login_06:27 - Testing environment: Browser=ie and url=https://demo.guru99.com/v4/
2020-02-11 18:41:25 INFO  TC_Login_06:27 - TCLogin02:PASSED
2020-02-11 18:41:25 INFO  TC_Login_06:23 - [com.abc.testCases.TC_Login_06] is Ending...
2020-02-11 18:41:26 INFO  TC_Login_07:19 - [com.abc.testCases.TC_Login_07] is Starting...
2020-02-11 18:41:26 INFO  TC_Login_07:27 - Testing environment: Browser=ie and url=https://demo.guru99.com/v4/
2020-02-11 18:41:40 INFO  TC_Login_07:27 - TCLogin02:PASSED
2020-02-11 18:41:40 INFO  TC_Login_07:23 - [com.abc.testCases.TC_Login_07] is Ending...
2020-02-11 18:41:41 INFO  TC_Login_08:19 - [com.abc.testCases.TC_Login_08] is Starting...
2020-02-11 18:41:41 INFO  TC_Login_08:27 - Testing environment: Browser=ie and url=https://demo.guru99.com/v4/
2020-02-11 18:41:56 INFO  TC_Login_08:27 - TCLogin02:PASSED
2020-02-11 18:41:56 INFO  TC_Login_08:23 - [com.abc.testCases.TC_Login_08] is Ending...
2020-02-11 19:00:41 INFO  TC_Login_06:19 - [com.abc.testCases.TC_Login_06] is Starting...
2020-02-11 19:00:41 INFO  TC_Login_06:27 - Testing environment: Browser=ie and url=https://demo.guru99.com/v4/
2020-02-11 19:01:02 INFO  TC_Login_06:27 - TCLogin02:PASSED
2020-02-11 19:01:02 INFO  TC_Login_06:23 - [com.abc.testCases.TC_Login_06] is Ending...
2020-02-11 19:01:03 INFO  TC_Login_07:19 - [com.abc.testCases.TC_Login_07] is Starting...
2020-02-11 19:01:03 INFO  TC_Login_07:27 - Testing environment: Browser=ie and url=https://demo.guru99.com/v4/
2020-02-11 19:01:17 INFO  TC_Login_07:27 - TCLogin02:PASSED
2020-02-11 19:01:17 INFO  TC_Login_07:23 - [com.abc.testCases.TC_Login_07] is Ending...
2020-02-11 19:01:18 INFO  TC_Login_08:19 - [com.abc.testCases.TC_Login_08] is Starting...
2020-02-11 19:01:18 INFO  TC_Login_08:27 - Testing environment: Browser=ie and url=https://demo.guru99.com/v4/
2020-02-11 19:01:33 INFO  TC_Login_08:27 - TCLogin02:PASSED
2020-02-11 19:01:33 INFO  TC_Login_08:23 - [com.abc.testCases.TC_Login_08] is Ending...
2020-02-11 19:38:28 INFO  TC_Login_01:19 - [com.abc.testCases.TC_Login_01] is Starting...
2020-02-11 19:38:28 INFO  TC_Login_01:27 - Testing environment: Browser=firefox and url=https://demo.guru99.com/v4/
2020-02-11 19:39:44 INFO  TC_Login_01:27 - Method [login] is starting...
2020-02-11 19:40:10 INFO  TC_Login_01:27 - Entered username and password!
2020-02-11 19:40:10 INFO  TC_Login_01:27 - Done!!!
2020-02-11 19:40:10 INFO  TC_Login_01:27 - TCLogin01:PASSED
2020-02-11 19:40:10 INFO  TC_Login_01:23 - [com.abc.testCases.TC_Login_01] is Ending...
2020-02-11 19:40:12 INFO  TC_Login_02:19 - [com.abc.testCases.TC_Login_02] is Starting...
2020-02-11 19:40:12 INFO  TC_Login_02:27 - Testing environment: Browser=firefox and url=https://demo.guru99.com/v4/
2020-02-11 19:41:12 INFO  TC_Login_02:27 - TCLogin02:PASSED
2020-02-11 19:41:12 INFO  TC_Login_02:23 - [com.abc.testCases.TC_Login_02] is Ending...
2020-02-11 19:41:15 INFO  TC_Login_03:19 - [com.abc.testCases.TC_Login_03] is Starting...
2020-02-11 19:41:15 INFO  TC_Login_03:27 - Testing environment: Browser=firefox and url=https://demo.guru99.com/v4/
2020-02-11 19:41:48 ERROR TC_Login_03:35 - TCLogin03:FAILED:java.lang.AssertionError: did not expect to find [true] but found [false]
2020-02-11 19:41:48 INFO  TC_Login_03:27 - Screenshot taken: F:\SOFTWARE\STUDYS\Eclipse_Workspace\GitProject\demoframework\demoframework\Screenshots\TCLogin03_20200211.194148.png
2020-02-11 19:41:48 INFO  TC_Login_03:23 - [com.abc.testCases.TC_Login_03] is Ending...
2020-02-11 19:41:51 INFO  TC_Login_04:19 - [com.abc.testCases.TC_Login_04] is Starting...
2020-02-11 19:41:51 INFO  TC_Login_04:27 - Testing environment: Browser=firefox and url=https://demo.guru99.com/v4/
2020-02-11 19:42:26 ERROR TC_Login_04:35 - TCLogin04:FAILED:java.lang.AssertionError: did not expect to find [true] but found [false]
2020-02-11 19:42:26 INFO  TC_Login_04:27 - Screenshot taken: F:\SOFTWARE\STUDYS\Eclipse_Workspace\GitProject\demoframework\demoframework\Screenshots\TCLogin04_20200211.194226.png
2020-02-11 19:42:26 INFO  TC_Login_04:23 - [com.abc.testCases.TC_Login_04] is Ending...
2020-02-11 19:54:00 INFO  TC_Login_01:19 - [com.abc.testCases.TC_Login_01] is Starting...
2020-02-11 19:54:00 INFO  TC_Login_01:27 - Testing environment: Browser=firefox and url=https://demo.guru99.com/v4/
2020-02-11 19:55:15 INFO  TC_Login_01:27 - Method [login] is starting...
2020-02-11 19:55:36 INFO  TC_Login_01:27 - Entered username and password!
2020-02-11 19:55:36 INFO  TC_Login_01:27 - Done!!!
2020-02-11 19:55:36 INFO  TC_Login_01:27 - TCLogin01:PASSED
2020-02-11 19:55:36 INFO  TC_Login_01:23 - [com.abc.testCases.TC_Login_01] is Ending...
2020-02-11 19:55:39 INFO  TC_Login_02:19 - [com.abc.testCases.TC_Login_02] is Starting...
2020-02-11 19:55:39 INFO  TC_Login_02:27 - Testing environment: Browser=firefox and url=https://demo.guru99.com/v4/
2020-02-11 19:56:37 INFO  TC_Login_02:27 - TCLogin02:PASSED
2020-02-11 19:56:37 INFO  TC_Login_02:23 - [com.abc.testCases.TC_Login_02] is Ending...
2020-02-11 19:56:39 INFO  TC_Login_03:19 - [com.abc.testCases.TC_Login_03] is Starting...
2020-02-11 19:56:39 INFO  TC_Login_03:27 - Testing environment: Browser=firefox and url=https://demo.guru99.com/v4/
2020-02-11 19:57:23 ERROR TC_Login_03:35 - TCLogin03:FAILED:java.lang.AssertionError: did not expect to find [true] but found [false]
2020-02-11 19:57:24 INFO  TC_Login_03:27 - Screenshot taken: F:\SOFTWARE\STUDYS\Eclipse_Workspace\GitProject\demoframework\demoframework\Screenshots\TCLogin03_20200211.195723.png
2020-02-11 19:57:24 INFO  TC_Login_03:23 - [com.abc.testCases.TC_Login_03] is Ending...
2020-02-11 19:57:26 INFO  TC_Login_04:19 - [com.abc.testCases.TC_Login_04] is Starting...
2020-02-11 19:57:26 INFO  TC_Login_04:27 - Testing environment: Browser=firefox and url=https://demo.guru99.com/v4/
2020-02-11 19:58:12 ERROR TC_Login_04:35 - TCLogin04:FAILED:java.lang.AssertionError: did not expect to find [true] but found [false]
2020-02-11 19:58:12 INFO  TC_Login_04:27 - Screenshot taken: F:\SOFTWARE\STUDYS\Eclipse_Workspace\GitProject\demoframework\demoframework\Screenshots\TCLogin04_20200211.195812.png
2020-02-11 19:58:12 INFO  TC_Login_04:23 - [com.abc.testCases.TC_Login_04] is Ending...
2020-02-11 20:07:53 INFO  TC_Login_06:19 - [com.abc.testCases.TC_Login_06] is Starting...
2020-02-11 20:07:53 INFO  TC_Login_06:27 - Testing environment: Browser=ie and url=https://demo.guru99.com/v4/
2020-02-11 20:08:24 INFO  TC_Login_06:27 - TCLogin02:PASSED
2020-02-11 20:08:24 INFO  TC_Login_06:23 - [com.abc.testCases.TC_Login_06] is Ending...
2020-02-11 20:08:25 INFO  TC_Login_07:19 - [com.abc.testCases.TC_Login_07] is Starting...
2020-02-11 20:08:25 INFO  TC_Login_07:27 - Testing environment: Browser=ie and url=https://demo.guru99.com/v4/
2020-02-11 20:08:43 INFO  TC_Login_07:27 - TCLogin02:PASSED
2020-02-11 20:08:43 INFO  TC_Login_07:23 - [com.abc.testCases.TC_Login_07] is Ending...
2020-02-11 20:08:44 INFO  TC_Login_08:19 - [com.abc.testCases.TC_Login_08] is Starting...
2020-02-11 20:08:44 INFO  TC_Login_08:27 - Testing environment: Browser=ie and url=https://demo.guru99.com/v4/
2020-02-11 20:09:13 INFO  TC_Login_08:27 - TCLogin02:PASSED
2020-02-11 20:09:13 INFO  TC_Login_08:23 - [com.abc.testCases.TC_Login_08] is Ending...
2020-02-11 20:09:43 INFO  TC_Login_06:19 - [com.abc.testCases.TC_Login_06] is Starting...
2020-02-11 20:09:43 INFO  TC_Login_06:27 - Testing environment: Browser=firefox and url=https://demo.guru99.com/v4/
2020-02-11 20:10:31 INFO  TC_Login_06:27 - TCLogin02:PASSED
2020-02-11 20:10:32 INFO  TC_Login_06:23 - [com.abc.testCases.TC_Login_06] is Ending...
2020-02-11 20:10:34 INFO  TC_Login_07:19 - [com.abc.testCases.TC_Login_07] is Starting...
2020-02-11 20:10:34 INFO  TC_Login_07:27 - Testing environment: Browser=firefox and url=https://demo.guru99.com/v4/
2020-02-11 20:11:56 INFO  TC_Login_07:27 - TCLogin02:PASSED
2020-02-11 20:11:56 INFO  TC_Login_07:23 - [com.abc.testCases.TC_Login_07] is Ending...
2020-02-11 20:11:58 INFO  TC_Login_08:19 - [com.abc.testCases.TC_Login_08] is Starting...
2020-02-11 20:11:58 INFO  TC_Login_08:27 - Testing environment: Browser=firefox and url=https://demo.guru99.com/v4/
2020-02-11 20:12:41 INFO  TC_Login_08:27 - TCLogin02:PASSED
2020-02-11 20:12:41 INFO  TC_Login_08:23 - [com.abc.testCases.TC_Login_08] is Ending...
2020-02-11 20:15:24 INFO  TC_Login_06:19 - [com.abc.testCases.TC_Login_06] is Starting...
2020-02-11 20:15:24 INFO  TC_Login_06:27 - Testing environment: Browser=firefox and url=https://demo.guru99.com/v4/
2020-02-11 20:15:47 INFO  TC_Login_07:19 - [com.abc.testCases.TC_Login_07] is Starting...
2020-02-11 20:15:47 INFO  TC_Login_07:27 - Testing environment: Browser=firefox and url=https://demo.guru99.com/v4/
2020-02-11 20:16:10 INFO  TC_Login_08:19 - [com.abc.testCases.TC_Login_08] is Starting...
2020-02-11 20:16:10 INFO  TC_Login_08:27 - Testing environment: Browser=firefox and url=https://demo.guru99.com/v4/
2020-02-11 20:28:23 INFO  TC_Login_06:19 - [com.abc.testCases.TC_Login_06] is Starting...
2020-02-11 20:28:23 INFO  TC_Login_06:27 - Testing environment: Browser=firefox and url=https://demo.guru99.com/v4/
2020-02-11 20:28:46 INFO  TC_Login_07:19 - [com.abc.testCases.TC_Login_07] is Starting...
2020-02-11 20:28:46 INFO  TC_Login_07:27 - Testing environment: Browser=firefox and url=https://demo.guru99.com/v4/
2020-02-11 20:29:08 INFO  TC_Login_08:19 - [com.abc.testCases.TC_Login_08] is Starting...
2020-02-11 20:29:08 INFO  TC_Login_08:27 - Testing environment: Browser=firefox and url=https://demo.guru99.com/v4/
2020-02-11 20:50:47 INFO  TC_Login_06:19 - [com.abc.testCases.TC_Login_06] is Starting...
2020-02-11 20:50:47 INFO  TC_Login_06:27 - Testing environment: Browser=firefox and url=https://demo.guru99.com/v4/
2020-02-11 20:51:10 INFO  TC_Login_07:19 - [com.abc.testCases.TC_Login_07] is Starting...
2020-02-11 20:51:10 INFO  TC_Login_07:27 - Testing environment: Browser=firefox and url=https://demo.guru99.com/v4/
2020-02-11 20:51:32 INFO  TC_Login_08:19 - [com.abc.testCases.TC_Login_08] is Starting...
2020-02-11 20:51:32 INFO  TC_Login_08:27 - Testing environment: Browser=firefox and url=https://demo.guru99.com/v4/
2020-02-11 20:52:19 INFO  TC_Login_06:19 - [com.abc.testCases.TC_Login_06] is Starting...
2020-02-11 20:52:19 INFO  TC_Login_06:27 - Testing environment: Browser=firefox and url=https://demo.guru99.com/v4/
2020-02-11 20:53:18 INFO  TC_Login_06:27 - TCLogin02:PASSED
2020-02-11 20:53:18 INFO  TC_Login_06:23 - [com.abc.testCases.TC_Login_06] is Ending...
2020-02-11 20:53:21 INFO  TC_Login_07:19 - [com.abc.testCases.TC_Login_07] is Starting...
2020-02-11 20:53:21 INFO  TC_Login_07:27 - Testing environment: Browser=firefox and url=https://demo.guru99.com/v4/
2020-02-11 20:54:34 INFO  TC_Login_07:27 - TCLogin02:PASSED
2020-02-11 20:54:34 INFO  TC_Login_07:23 - [com.abc.testCases.TC_Login_07] is Ending...
2020-02-11 20:54:36 INFO  TC_Login_08:19 - [com.abc.testCases.TC_Login_08] is Starting...
2020-02-11 20:54:36 INFO  TC_Login_08:27 - Testing environment: Browser=firefox and url=https://demo.guru99.com/v4/
2020-02-11 20:58:31 INFO  TC_Login_06:19 - [com.abc.testCases.TC_Login_06] is Starting...
2020-02-11 20:58:31 INFO  TC_Login_06:27 - Testing environment: Browser=firefox and url=https://demo.guru99.com/v4/
2020-02-11 20:58:55 INFO  TC_Login_07:19 - [com.abc.testCases.TC_Login_07] is Starting...
2020-02-11 20:58:55 INFO  TC_Login_07:27 - Testing environment: Browser=firefox and url=https://demo.guru99.com/v4/
2020-02-11 20:59:17 INFO  TC_Login_08:19 - [com.abc.testCases.TC_Login_08] is Starting...
2020-02-11 20:59:17 INFO  TC_Login_08:27 - Testing environment: Browser=firefox and url=https://demo.guru99.com/v4/
2020-02-12 10:08:52 INFO  TC_Login_01:19 - [com.abc.testCases.TC_Login_01] is Starting...
2020-02-12 10:08:52 INFO  TC_Login_01:27 - Testing environment: Browser=chrome and url=https://demo.guru99.com/v4/
2020-02-12 10:09:06 INFO  TC_Login_01:27 - Method [login] is starting...
2020-02-12 10:09:08 INFO  TC_Login_01:27 - Entered username and password!
2020-02-12 10:09:08 INFO  TC_Login_01:27 - Done!!!
2020-02-12 10:09:08 INFO  TC_Login_01:27 - TCLogin01:PASSED
2020-02-12 10:09:08 INFO  TC_Login_01:23 - [com.abc.testCases.TC_Login_01] is Ending...
2020-02-12 10:11:25 INFO  TC_Login_01:19 - [com.abc.testCases.TC_Login_01] is Starting...
2020-02-12 10:11:25 INFO  TC_Login_01:27 - Testing environment: Browser=firefox and url=https://demo.guru99.com/v4/
2020-02-12 10:12:09 INFO  TC_Login_01:27 - Method [login] is starting...
2020-02-12 10:12:27 INFO  TC_Login_01:27 - Entered username and password!
2020-02-12 10:12:27 INFO  TC_Login_01:27 - Done!!!
2020-02-12 10:12:27 INFO  TC_Login_01:27 - TCLogin01:PASSED
2020-02-12 10:12:27 INFO  TC_Login_01:23 - [com.abc.testCases.TC_Login_01] is Ending...
2020-02-12 10:12:50 INFO  TC_Login_01:19 - [com.abc.testCases.TC_Login_01] is Starting...
2020-02-12 10:12:50 INFO  TC_Login_01:27 - Testing environment: Browser=ie and url=https://demo.guru99.com/v4/
2020-02-12 10:13:04 INFO  TC_Login_01:27 - Method [login] is starting...
2020-02-12 10:13:06 INFO  TC_Login_01:27 - Entered username and password!
2020-02-12 10:13:06 INFO  TC_Login_01:27 - Done!!!
2020-02-12 10:13:06 INFO  TC_Login_01:27 - TCLogin01:PASSED
2020-02-12 10:13:06 INFO  TC_Login_01:23 - [com.abc.testCases.TC_Login_01] is Ending...
2020-02-12 11:41:49 INFO  TC_Customer_01:19 - [com.abc.testCases.Customer.TC_Customer_01] is Starting...
2020-02-12 11:41:49 INFO  TC_Customer_01:27 - Testing environment: Browser=chrome and url=https://demo.guru99.com/v4/
2020-02-12 11:41:59 INFO  TC_Customer_01:27 - Method [login] is starting...
2020-02-12 11:42:14 INFO  TC_Customer_01:27 - TCCustomer01:PASSED
2020-02-12 11:42:14 INFO  TC_Customer_01:23 - [com.abc.testCases.Customer.TC_Customer_01] is Ending...
2020-02-12 15:33:28 INFO  TC_Customer_01:19 - [com.abc.testCases.Customer.TC_Customer_01] is Starting...
2020-02-12 15:33:29 INFO  TC_Customer_01:27 - Testing environment: Browser=chrome and url=https://demo.guru99.com/v4/
2020-02-12 15:33:44 INFO  TC_Customer_01:27 - Login page with username=mngr245325, password=EnaqEmA
2020-02-12 15:33:44 INFO  TC_Customer_01:27 - Method [login] is starting...
2020-02-12 15:33:47 INFO  TC_Customer_01:27 - Click on New Customer
2020-02-12 15:33:49 INFO  TC_Customer_01:27 - Enter Customer Info
2020-02-12 15:33:51 INFO  TC_Customer_01:27 - Verify customer creating successfully
2020-02-12 15:33:51 ERROR TC_Customer_01:35 - TCCustomer01:FAILED:org.openqa.selenium.UnhandledAlertException: unexpected alert open: {Alert text : please fill all fields}
  (Session info: chrome=79.0.3945.130): please fill all fields
Build info: version: '3.141.59', revision: 'e82be7d358', time: '2018-11-14T08:17:03'
System info: host: 'ADMINISTRATOR', ip: '192.168.1.10', os.name: 'Windows 7', os.arch: 'x86', os.version: '6.1', java.version: '1.8.0_231'
Driver info: org.openqa.selenium.chrome.ChromeDriver
Capabilities {acceptInsecureCerts: true, browserName: chrome, browserVersion: 79.0.3945.130, chrome: {chromedriverVersion: 78.0.3904.105 (60e2d8774a81..., userDataDir: C:\Users\ADMINI~1\AppData\L...}, goog:chromeOptions: {debuggerAddress: localhost:53025}, javascriptEnabled: true, networkConnectionEnabled: false, pageLoadStrategy: normal, platform: XP, platformName: XP, proxy: Proxy(), setWindowRect: true, strictFileInteractability: false, timeouts: {implicit: 0, pageLoad: 300000, script: 30000}, unhandledPromptBehavior: dismiss and notify}
Session ID: 5abc2ccd17d119369e4e126f410a1d11
2020-02-12 15:33:52 INFO  TC_Customer_01:27 - Screenshot taken: F:\SOFTWARE\STUDYS\Eclipse_Workspace\GitProject\demoframework\demoframework\Screenshots\TCCustomer01_20200212.153351.png
2020-02-12 15:33:52 INFO  TC_Customer_01:23 - [com.abc.testCases.Customer.TC_Customer_01] is Ending...
2020-02-12 15:37:05 INFO  TC_Customer_01:19 - [com.abc.testCases.Customer.TC_Customer_01] is Starting...
2020-02-12 15:37:05 INFO  TC_Customer_01:27 - Testing environment: Browser=chrome and url=https://demo.guru99.com/v4/
2020-02-12 15:37:16 INFO  TC_Customer_01:27 - Login page with username=mngr245325, password=EnaqEmA
2020-02-12 15:37:16 INFO  TC_Customer_01:27 - Method [login] is starting...
2020-02-12 15:37:18 INFO  TC_Customer_01:27 - Click on New Customer
2020-02-12 15:37:38 ERROR TC_Customer_01:35 - TCCustomer01:FAILED:org.openqa.selenium.NoSuchElementException: no such element: Unable to locate element: {"method":"xpath","selector":"//ul[@class='menusubnav']//a[text()='New Customer']"}
  (Session info: chrome=79.0.3945.130)
For documentation on this error, please visit: https://www.seleniumhq.org/exceptions/no_such_element.html
Build info: version: '3.141.59', revision: 'e82be7d358', time: '2018-11-14T08:17:03'
System info: host: 'ADMINISTRATOR', ip: '192.168.1.10', os.name: 'Windows 7', os.arch: 'x86', os.version: '6.1', java.version: '1.8.0_231'
Driver info: org.openqa.selenium.chrome.ChromeDriver
Capabilities {acceptInsecureCerts: true, browserName: chrome, browserVersion: 79.0.3945.130, chrome: {chromedriverVersion: 78.0.3904.105 (60e2d8774a81..., userDataDir: C:\Users\ADMINI~1\AppData\L...}, goog:chromeOptions: {debuggerAddress: localhost:53697}, javascriptEnabled: true, networkConnectionEnabled: false, pageLoadStrategy: normal, platform: XP, platformName: XP, proxy: Proxy(), setWindowRect: true, strictFileInteractability: false, timeouts: {implicit: 0, pageLoad: 300000, script: 30000}, unhandledPromptBehavior: dismiss and notify}
Session ID: e46a7dc1cef268feccd157f41a36a4a5
*** Element info: {Using=xpath, value=//ul[@class='menusubnav']//a[text()='New Customer']}
2020-02-12 15:37:39 INFO  TC_Customer_01:27 - Screenshot taken: F:\SOFTWARE\STUDYS\Eclipse_Workspace\GitProject\demoframework\demoframework\Screenshots\TCCustomer01_20200212.153738.png
2020-02-12 15:37:39 INFO  TC_Customer_01:23 - [com.abc.testCases.Customer.TC_Customer_01] is Ending...
2020-02-12 15:40:59 INFO  TC_Customer_01:19 - [com.abc.testCases.Customer.TC_Customer_01] is Starting...
2020-02-12 15:40:59 INFO  TC_Customer_01:27 - Testing environment: Browser=chrome and url=https://demo.guru99.com/v4/
2020-02-12 15:41:10 INFO  TC_Customer_01:27 - Login page with username=mngr245325, password=EnaqEmA
2020-02-12 15:41:10 INFO  TC_Customer_01:27 - Method [login] is starting...
2020-02-12 15:41:15 INFO  TC_Customer_01:27 - Click on New Customer
2020-02-12 15:41:18 INFO  TC_Customer_01:27 - Enter Customer Info
2020-02-12 15:41:22 INFO  TC_Customer_01:27 - Verify customer creating successfully
2020-02-12 15:41:23 ERROR TC_Customer_01:35 - TCCustomer01:FAILED:org.openqa.selenium.UnhandledAlertException: unexpected alert open: {Alert text : please fill all fields}
  (Session info: chrome=79.0.3945.130): please fill all fields
Build info: version: '3.141.59', revision: 'e82be7d358', time: '2018-11-14T08:17:03'
System info: host: 'ADMINISTRATOR', ip: '192.168.1.10', os.name: 'Windows 7', os.arch: 'x86', os.version: '6.1', java.version: '1.8.0_231'
Driver info: org.openqa.selenium.chrome.ChromeDriver
Capabilities {acceptInsecureCerts: true, browserName: chrome, browserVersion: 79.0.3945.130, chrome: {chromedriverVersion: 78.0.3904.105 (60e2d8774a81..., userDataDir: C:\Users\ADMINI~1\AppData\L...}, goog:chromeOptions: {debuggerAddress: localhost:54222}, javascriptEnabled: true, networkConnectionEnabled: false, pageLoadStrategy: normal, platform: XP, platformName: XP, proxy: Proxy(), setWindowRect: true, strictFileInteractability: false, timeouts: {implicit: 0, pageLoad: 300000, script: 30000}, unhandledPromptBehavior: dismiss and notify}
Session ID: 2340a4d3efa8416d189118d36dc8744f
2020-02-12 15:41:23 INFO  TC_Customer_01:27 - Screenshot taken: F:\SOFTWARE\STUDYS\Eclipse_Workspace\GitProject\demoframework\demoframework\Screenshots\TCCustomer01_20200212.154123.png
2020-02-12 15:41:23 INFO  TC_Customer_01:23 - [com.abc.testCases.Customer.TC_Customer_01] is Ending...
2020-02-12 15:42:45 INFO  TC_Customer_01:19 - [com.abc.testCases.Customer.TC_Customer_01] is Starting...
2020-02-12 15:42:45 INFO  TC_Customer_01:27 - Testing environment: Browser=chrome and url=https://demo.guru99.com/v4/
2020-02-12 15:42:58 INFO  TC_Customer_01:27 - Login page with username=mngr245325, password=EnaqEmA
2020-02-12 15:42:58 INFO  TC_Customer_01:27 - Method [login] is starting...
2020-02-12 15:43:07 INFO  TC_Customer_01:27 - Click on New Customer
2020-02-12 15:43:07 ERROR TC_Customer_01:35 - TCCustomer01:FAILED:org.openqa.selenium.ElementClickInterceptedException: element click intercepted: Element <a href="addcustomerpage.php">...</a> is not clickable at point (120, 394). Other element would receive the click: <iframe id="primis_playerSekindoSPlayer5e43ba962c82d" title="Primis Player Videos" scrolling="no" allowfullscreen="" style="border: none; position: fixed; bottom: 10px; width: 315px; height: 177px; box-shadow: rgba(0, 0, 0, 0.4) 1px 1px 6px 3px; border-radius: 1px; z-index: 2147483646; left: 10px;"></iframe>
  (Session info: chrome=79.0.3945.130)
Build info: version: '3.141.59', revision: 'e82be7d358', time: '2018-11-14T08:17:03'
System info: host: 'ADMINISTRATOR', ip: '192.168.1.10', os.name: 'Windows 7', os.arch: 'x86', os.version: '6.1', java.version: '1.8.0_231'
Driver info: org.openqa.selenium.chrome.ChromeDriver
Capabilities {acceptInsecureCerts: true, browserName: chrome, browserVersion: 79.0.3945.130, chrome: {chromedriverVersion: 78.0.3904.105 (60e2d8774a81..., userDataDir: C:\Users\ADMINI~1\AppData\L...}, goog:chromeOptions: {debuggerAddress: localhost:58088}, javascriptEnabled: true, networkConnectionEnabled: false, pageLoadStrategy: normal, platform: XP, platformName: XP, proxy: Proxy(), setWindowRect: true, strictFileInteractability: false, timeouts: {implicit: 0, pageLoad: 300000, script: 30000}, unhandledPromptBehavior: dismiss and notify}
Session ID: ec978ec4043949f21a19bc1ac1143867
2020-02-12 15:43:08 INFO  TC_Customer_01:27 - Screenshot taken: F:\SOFTWARE\STUDYS\Eclipse_Workspace\GitProject\demoframework\demoframework\Screenshots\TCCustomer01_20200212.154307.png
2020-02-12 15:43:08 INFO  TC_Customer_01:23 - [com.abc.testCases.Customer.TC_Customer_01] is Ending...
2020-02-12 16:08:53 INFO  TC_Customer_01:19 - [com.abc.testCases.Customer.TC_Customer_01] is Starting...
2020-02-12 16:08:53 INFO  TC_Customer_01:27 - Testing environment: Browser=chrome and url=https://demo.guru99.com/v4/
2020-02-12 16:09:04 INFO  TC_Customer_01:27 - Login page with username=mngr245325, password=EnaqEmA
2020-02-12 16:09:04 INFO  TC_Customer_01:27 - Method [login] is starting...
2020-02-12 16:09:08 INFO  TC_Customer_01:27 - Close Advertisement Popup
2020-02-12 16:09:19 ERROR TC_Customer_01:35 - TCCustomer01:FAILED:org.openqa.selenium.TimeoutException: Expected condition failed: waiting for visibility of element located by By.id: closeBtn (tried for 10 second(s) with 1000 milliseconds interval)
2020-02-12 16:09:19 INFO  TC_Customer_01:27 - Screenshot taken: F:\SOFTWARE\STUDYS\Eclipse_Workspace\GitProject\demoframework\demoframework\Screenshots\TCCustomer01_20200212.160919.png
2020-02-12 16:09:19 INFO  TC_Customer_01:23 - [com.abc.testCases.Customer.TC_Customer_01] is Ending...
2020-02-12 16:12:59 INFO  TC_Customer_01:19 - [com.abc.testCases.Customer.TC_Customer_01] is Starting...
2020-02-12 16:12:59 INFO  TC_Customer_01:27 - Testing environment: Browser=chrome and url=https://demo.guru99.com/v4/
2020-02-12 16:13:09 INFO  TC_Customer_01:27 - Login page with username=mngr245325, password=EnaqEmA
2020-02-12 16:13:09 INFO  TC_Customer_01:27 - Method [login] is starting...
2020-02-12 16:13:11 INFO  TC_Customer_01:27 - Close Advertisement Popup
2020-02-12 16:13:33 ERROR TC_Customer_01:35 - TCCustomer01:FAILED:org.openqa.selenium.TimeoutException: Expected condition failed: waiting for visibility of element located by By.id: closeBtn (tried for 20 second(s) with 1000 milliseconds interval)
2020-02-12 16:13:34 INFO  TC_Customer_01:27 - Screenshot taken: F:\SOFTWARE\STUDYS\Eclipse_Workspace\GitProject\demoframework\demoframework\Screenshots\TCCustomer01_20200212.161333.png
2020-02-12 16:13:34 INFO  TC_Customer_01:23 - [com.abc.testCases.Customer.TC_Customer_01] is Ending...
2020-02-12 16:14:37 INFO  TC_Customer_01:19 - [com.abc.testCases.Customer.TC_Customer_01] is Starting...
2020-02-12 16:14:37 INFO  TC_Customer_01:27 - Testing environment: Browser=chrome and url=https://demo.guru99.com/v4/
2020-02-12 16:14:50 INFO  TC_Customer_01:27 - Login page with username=mngr245325, password=EnaqEmA
2020-02-12 16:14:50 INFO  TC_Customer_01:27 - Method [login] is starting...
2020-02-12 16:14:53 INFO  TC_Customer_01:27 - Close Advertisement Popup
2020-02-12 16:15:14 ERROR TC_Customer_01:35 - TCCustomer01:FAILED:org.openqa.selenium.TimeoutException: Expected condition failed: waiting for visibility of element located by By.id: closeBtn (tried for 20 second(s) with 1000 milliseconds interval)
2020-02-12 16:15:15 INFO  TC_Customer_01:27 - Screenshot taken: F:\SOFTWARE\STUDYS\Eclipse_Workspace\GitProject\demoframework\demoframework\Screenshots\TCCustomer01_20200212.161514.png
2020-02-12 16:15:15 INFO  TC_Customer_01:23 - [com.abc.testCases.Customer.TC_Customer_01] is Ending...
2020-02-12 16:16:01 INFO  TC_Customer_01:19 - [com.abc.testCases.Customer.TC_Customer_01] is Starting...
2020-02-12 16:16:01 INFO  TC_Customer_01:27 - Testing environment: Browser=chrome and url=https://demo.guru99.com/v4/
2020-02-12 16:16:13 INFO  TC_Customer_01:27 - Login page with username=mngr245325, password=EnaqEmA
2020-02-12 16:16:13 INFO  TC_Customer_01:27 - Method [login] is starting...
2020-02-12 16:16:17 INFO  TC_Customer_01:27 - Close Advertisement Popup
2020-02-12 16:24:35 INFO  TC_Customer_01:19 - [com.abc.testCases.Customer.TC_Customer_01] is Starting...
2020-02-12 16:24:35 INFO  TC_Customer_01:27 - Testing environment: Browser=chrome and url=https://demo.guru99.com/v4/
2020-02-12 16:24:47 INFO  TC_Customer_01:27 - Login page with username=mngr245325, password=EnaqEmA
2020-02-12 16:24:47 INFO  TC_Customer_01:27 - Method [login] is starting...
2020-02-12 16:24:51 INFO  TC_Customer_01:27 - Close Advertisement Popup
2020-02-12 16:27:12 INFO  TC_Customer_01:19 - [com.abc.testCases.Customer.TC_Customer_01] is Starting...
2020-02-12 16:27:12 INFO  TC_Customer_01:27 - Testing environment: Browser=chrome and url=https://demo.guru99.com/v4/
2020-02-12 16:27:25 INFO  TC_Customer_01:27 - Login page with username=mngr245325, password=EnaqEmA
2020-02-12 16:27:25 INFO  TC_Customer_01:27 - Method [login] is starting...
2020-02-12 16:27:30 INFO  TC_Customer_01:27 - Close Advertisement Popup
2020-02-12 16:27:41 INFO  TC_Customer_01:27 - Click on New Customer
2020-02-12 16:27:43 INFO  TC_Customer_01:27 - Close Advertisement Popup
2020-02-12 16:27:54 INFO  TC_Customer_01:27 - Enter Customer Info
2020-02-12 16:27:57 INFO  TC_Customer_01:27 - Verify customer creating successfully
2020-02-12 16:27:57 ERROR TC_Customer_01:35 - TCCustomer01:FAILED:org.openqa.selenium.UnhandledAlertException: unexpected alert open: {Alert text : please fill all fields}
  (Session info: chrome=79.0.3945.130): please fill all fields
Build info: version: '3.141.59', revision: 'e82be7d358', time: '2018-11-14T08:17:03'
System info: host: 'ADMINISTRATOR', ip: '192.168.1.10', os.name: 'Windows 7', os.arch: 'x86', os.version: '6.1', java.version: '1.8.0_231'
Driver info: org.openqa.selenium.chrome.ChromeDriver
Capabilities {acceptInsecureCerts: true, browserName: chrome, browserVersion: 79.0.3945.130, chrome: {chromedriverVersion: 78.0.3904.105 (60e2d8774a81..., userDataDir: C:\Users\ADMINI~1\AppData\L...}, goog:chromeOptions: {debuggerAddress: localhost:63876}, javascriptEnabled: true, networkConnectionEnabled: false, pageLoadStrategy: normal, platform: XP, platformName: XP, proxy: Proxy(), setWindowRect: true, strictFileInteractability: false, timeouts: {implicit: 0, pageLoad: 300000, script: 30000}, unhandledPromptBehavior: dismiss and notify}
Session ID: 61dac18930f1f2528537cd46c99a879e
2020-02-12 16:27:58 INFO  TC_Customer_01:27 - Screenshot taken: F:\SOFTWARE\STUDYS\Eclipse_Workspace\GitProject\demoframework\demoframework\Screenshots\TCCustomer01_20200212.162757.png
2020-02-12 16:27:58 INFO  TC_Customer_01:23 - [com.abc.testCases.Customer.TC_Customer_01] is Ending...
2020-02-12 16:29:35 INFO  TC_Customer_01:19 - [com.abc.testCases.Customer.TC_Customer_01] is Starting...
2020-02-12 16:29:35 INFO  TC_Customer_01:27 - Testing environment: Browser=chrome and url=https://demo.guru99.com/v4/
2020-02-12 16:29:46 INFO  TC_Customer_01:27 - Login page with username=mngr245325, password=EnaqEmA
2020-02-12 16:29:46 INFO  TC_Customer_01:27 - Method [login] is starting...
2020-02-12 16:29:48 INFO  TC_Customer_01:27 - Close Advertisement Popup
2020-02-12 16:29:59 INFO  TC_Customer_01:27 - Click on New Customer
2020-02-12 16:30:01 INFO  TC_Customer_01:27 - Close Advertisement Popup
2020-02-12 16:30:12 INFO  TC_Customer_01:27 - Enter Customer Info
2020-02-12 16:30:18 INFO  TC_Customer_01:27 - Verify customer creating successfully
2020-02-12 16:30:18 INFO  TC_Customer_01:27 - Get created customer ID
2020-02-12 16:30:18 INFO  TC_Customer_01:27 - Method [getCreatedCustomerID]: Customer ID is 94127
2020-02-12 16:30:18 INFO  TC_Customer_01:27 - TCCustomer01:PASSED
2020-02-12 16:30:18 INFO  TC_Customer_01:23 - [com.abc.testCases.Customer.TC_Customer_01] is Ending...
2020-02-12 17:19:05 INFO  TC_Customer_01:19 - [com.abc.testCases.Customer.TC_Customer_01] is Starting...
2020-02-12 17:19:05 INFO  TC_Customer_01:27 - Testing environment: Browser=chrome and url=https://demo.guru99.com/v4/
2020-02-12 17:19:22 INFO  TC_Customer_01:27 - Login page with username=mngr245325, password=EnaqEmA
2020-02-12 17:19:22 INFO  TC_Customer_01:27 - Method [login] is starting...
2020-02-12 17:19:25 INFO  TC_Customer_01:27 - Close Advertisement Popup
2020-02-12 17:19:35 INFO  TC_Customer_01:27 - Click on New Customer
2020-02-12 17:19:38 INFO  TC_Customer_01:27 - Close Advertisement Popup
2020-02-12 17:19:48 INFO  TC_Customer_01:27 - Enter Customer Info
2020-02-12 17:19:56 INFO  TC_Customer_01:27 - Verify customer creating successfully
2020-02-12 17:19:56 INFO  TC_Customer_01:27 - Get created customer ID
2020-02-12 17:19:56 INFO  TC_Customer_01:27 - Method [getCreatedCustomerID]: Customer ID is 73661
2020-02-12 17:19:56 INFO  TC_Customer_01:27 - Click on Edit Customer
2020-02-12 17:20:00 INFO  TC_Customer_01:27 - Enter customer id and click on Submit
2020-02-12 17:20:03 INFO  TC_Customer_01:27 - Get customer name, then verify
2020-02-12 17:20:03 INFO  TC_Customer_01:27 - Get gender, then verify
2020-02-12 17:20:03 ERROR TC_Customer_01:35 - TCCustomer01:FAILED:java.lang.AssertionError: expected [MhZNIUYutE] but found [male]
2020-02-12 17:20:03 INFO  TC_Customer_01:27 - Screenshot taken: F:\SOFTWARE\STUDYS\Eclipse_Workspace\GitProject\demoframework\demoframework\Screenshots\TCCustomer01_20200212.172003.png
2020-02-12 17:20:03 INFO  TC_Customer_01:23 - [com.abc.testCases.Customer.TC_Customer_01] is Ending...
2020-02-12 20:06:40 INFO  TC_Customer_01:19 - [com.abc.testCases.Customer.TC_Customer_01] is Starting...
2020-02-12 20:06:40 INFO  TC_Customer_01:27 - Testing environment: Browser=chrome and url=https://demo.guru99.com/v4/
2020-02-12 20:06:57 INFO  TC_Customer_01:27 - Login page with username=mngr245325, password=EnaqEmA
2020-02-12 20:06:57 INFO  TC_Customer_01:27 - Method [login] is starting...
2020-02-12 20:07:04 INFO  TC_Customer_01:27 - Close Advertisement Popup
2020-02-12 20:07:15 INFO  TC_Customer_01:27 - Click on New Customer
2020-02-12 20:07:20 INFO  TC_Customer_01:27 - Close Advertisement Popup
2020-02-12 20:07:31 INFO  TC_Customer_01:27 - Enter Customer Info
2020-02-12 20:07:41 INFO  TC_Customer_01:27 - Verify customer creating successfully
2020-02-12 20:07:41 INFO  TC_Customer_01:27 - Get created customer ID
2020-02-12 20:07:41 INFO  TC_Customer_01:27 - Method [getCreatedCustomerID]: Customer ID is 47289
2020-02-12 20:07:41 INFO  TC_Customer_01:27 - Click on Edit Customer
2020-02-12 20:07:45 INFO  TC_Customer_01:27 - Enter customer id and click on Submit
2020-02-12 20:07:49 INFO  TC_Customer_01:27 - Get customer name, then verify
2020-02-12 20:07:49 INFO  TC_Customer_01:27 - Get gender, then verify
2020-02-12 20:07:49 ERROR TC_Customer_01:35 - TCCustomer01:FAILED:java.lang.AssertionError: expected [female] but found [male]
2020-02-12 20:07:50 INFO  TC_Customer_01:27 - Screenshot taken: F:\SOFTWARE\STUDYS\Eclipse_Workspace\GitProject\demoframework\demoframework\Screenshots\TCCustomer01_20200212.200749.png
2020-02-12 20:07:50 INFO  TC_Customer_01:23 - [com.abc.testCases.Customer.TC_Customer_01] is Ending...
2020-02-12 20:10:28 INFO  TC_Customer_01:19 - [com.abc.testCases.Customer.TC_Customer_01] is Starting...
2020-02-12 20:10:28 INFO  TC_Customer_01:27 - Testing environment: Browser=chrome and url=https://demo.guru99.com/v4/
2020-02-12 20:10:40 INFO  TC_Customer_01:27 - Login page with username=mngr245325, password=EnaqEmA
2020-02-12 20:10:40 INFO  TC_Customer_01:27 - Method [login] is starting...
2020-02-12 20:10:42 INFO  TC_Customer_01:27 - Close Advertisement Popup
2020-02-12 20:10:53 INFO  TC_Customer_01:27 - Click on New Customer
2020-02-12 20:10:58 INFO  TC_Customer_01:27 - Close Advertisement Popup
2020-02-12 20:11:08 INFO  TC_Customer_01:27 - Enter Customer Info
2020-02-12 20:11:15 INFO  TC_Customer_01:27 - Verify customer creating successfully
2020-02-12 20:11:15 INFO  TC_Customer_01:27 - Get created customer ID
2020-02-12 20:11:16 INFO  TC_Customer_01:27 - Method [getCreatedCustomerID]: Customer ID is 38912
2020-02-12 20:11:16 INFO  TC_Customer_01:27 - Click on Edit Customer
2020-02-12 20:11:22 INFO  TC_Customer_01:27 - Enter customer id and click on Submit
2020-02-12 20:11:27 INFO  TC_Customer_01:27 - Get customer name, then verify
2020-02-12 20:11:27 INFO  TC_Customer_01:27 - Get gender, then verify
2020-02-12 20:11:27 ERROR TC_Customer_01:35 - TCCustomer01:FAILED:java.lang.AssertionError: expected [female] but found [male]
2020-02-12 20:11:28 INFO  TC_Customer_01:27 - Screenshot taken: F:\SOFTWARE\STUDYS\Eclipse_Workspace\GitProject\demoframework\demoframework\Screenshots\TCCustomer01_20200212.201127.png
2020-02-12 20:11:28 INFO  TC_Customer_01:23 - [com.abc.testCases.Customer.TC_Customer_01] is Ending...
2020-02-12 22:25:00 INFO  TC_Customer_01:19 - [com.abc.testCases.Customer.TC_Customer_01] is Starting...
2020-02-12 22:25:00 INFO  TC_Customer_01:27 - Testing environment: Browser=chrome and url=https://demo.guru99.com/v4/
2020-02-12 22:25:16 INFO  TC_Customer_01:27 - Login page with username=mngr245325, password=EnaqEmA
2020-02-12 22:25:16 INFO  TC_Customer_01:27 - Method [login] is starting...
2020-02-12 22:25:20 INFO  TC_Customer_01:27 - Close Advertisement Popup
2020-02-12 22:25:31 INFO  TC_Customer_01:27 - Click on New Customer
2020-02-12 22:25:38 INFO  TC_Customer_01:27 - Close Advertisement Popup
2020-02-12 22:25:48 INFO  TC_Customer_01:27 - Enter Customer Info
2020-02-12 22:25:57 INFO  TC_Customer_01:27 - Verify customer creating successfully
2020-02-12 22:25:58 INFO  TC_Customer_01:27 - Get created customer ID
2020-02-12 22:25:58 INFO  TC_Customer_01:27 - Method [getCreatedCustomerID]: Customer ID is 52411
2020-02-12 22:25:58 INFO  TC_Customer_01:27 - Click on Edit Customer
2020-02-12 22:26:02 INFO  TC_Customer_01:27 - Enter customer id and click on Submit
2020-02-12 22:26:08 INFO  TC_Customer_01:27 - Get customer name, then verify
2020-02-12 22:26:08 INFO  TC_Customer_01:27 - Get gender, then verify
2020-02-12 22:26:08 INFO  TC_Customer_01:27 - Get date of birth, then verify
2020-02-12 22:26:08 INFO  TC_Customer_01:27 - Click on Delete Customer
2020-02-12 22:26:12 INFO  TC_Customer_01:27 - Enter Customer Id, then click on Submit to delete customer
2020-02-12 22:26:12 INFO  TC_Customer_01:27 - Get delete confirm message, and verify
2020-02-12 22:26:13 INFO  TC_Customer_01:27 - TCCustomer01:PASSED
2020-02-12 22:26:13 INFO  TC_Customer_01:23 - [com.abc.testCases.Customer.TC_Customer_01] is Ending...
